#
# There is insufficient memory for the Java Runtime Environment to continue.
# Native memory allocation (malloc) failed to allocate 268435456 bytes for committing reserved memory.
# Possible reasons:
#   The system is out of physical RAM or swap space
#   In 32 bit mode, the process size limit was hit
# Possible solutions:
#   Reduce memory load on the system
#   Increase physical memory or swap space
#   Check if swap backing store is full
#   Use 64 bit Java on a 64 bit OS
#   Decrease Java heap size (-Xmx/-Xms)
#   Decrease number of Java threads
#   Decrease Java thread stack sizes (-Xss)
#   Set larger code cache with -XX:ReservedCodeCacheSize=
# This output file may be truncated or incomplete.
#
#  Out of Memory Error (os_linux.cpp:2718), pid=8862, tid=139867133794048
#
# JRE version:  (7.0_45-b18) (build )
# Java VM: Java HotSpot(TM) 64-Bit Server VM (24.45-b08 mixed mode linux-amd64 compressed oops)
# Failed to write core dump. Core dumps have been disabled. To enable core dumping, try "ulimit -c unlimited" before starting Java again
#

---------------  T H R E A D  ---------------

Current thread (0x00007f355400a000):  JavaThread "Unknown thread" [_thread_in_vm, id=8863, stack(0x00007f355ac35000,0x00007f355ad36000)]

Stack: [0x00007f355ac35000,0x00007f355ad36000],  sp=0x00007f355ad341f0,  free space=1020k
Native frames: (J=compiled Java code, j=interpreted, Vv=VM code, C=native code)
V  [libjvm.so+0x992c8a]  VMError::report_and_die()+0x2ea
V  [libjvm.so+0x49319b]  report_vm_out_of_memory(char const*, int, unsigned long, char const*)+0x9b
V  [libjvm.so+0x81310e]  os::Linux::commit_memory_impl(char*, unsigned long, bool)+0xfe
V  [libjvm.so+0x8135bf]  os::Linux::commit_memory_impl(char*, unsigned long, unsigned long, bool)+0x4f
V  [libjvm.so+0x81377c]  os::pd_commit_memory(char*, unsigned long, unsigned long, bool)+0xc
V  [libjvm.so+0x80d86a]  os::commit_memory(char*, unsigned long, unsigned long, bool)+0x2a
V  [libjvm.so+0x87fa33]  PSVirtualSpace::expand_by(unsigned long)+0x53
V  [libjvm.so+0x8809c9]  PSYoungGen::initialize_virtual_space(ReservedSpace, unsigned long)+0x89
V  [libjvm.so+0x881340]  PSYoungGen::initialize(ReservedSpace, unsigned long)+0x50
V  [libjvm.so+0x298fc7]  AdjoiningGenerations::AdjoiningGenerations(ReservedSpace, unsigned long, unsigned long, unsigned long, unsigned long, unsigned long, unsigned long, unsigned long)+0x377
V  [libjvm.so+0x833f40]  ParallelScavengeHeap::initialize()+0x550
V  [libjvm.so+0x96625a]  Universe::initialize_heap()+0xca
V  [libjvm.so+0x967429]  universe_init()+0x79
V  [libjvm.so+0x5a9645]  init_globals()+0x65
V  [libjvm.so+0x94ed1d]  Threads::create_vm(JavaVMInitArgs*, bool*)+0x1ed
V  [libjvm.so+0x630804]  JNI_CreateJavaVM+0x74
C  [libjli.so+0x2f8e]  JavaMain+0x9e


---------------  P R O C E S S  ---------------

Java Threads: ( => current thread )

Other Threads:

=>0x00007f355400a000 (exited) JavaThread "Unknown thread" [_thread_in_vm, id=8863, stack(0x00007f355ac35000,0x00007f355ad36000)]

VM state:not at safepoint (not fully initialized)

VM Mutex/Monitor currently owned by a thread: None

GC Heap History (0 events):
No events

Deoptimization events (0 events):
No events

Internal exceptions (0 events):
No events

Events (0 events):
No events


Dynamic libraries:
00400000-00401000 r-xp 00000000 08:04 1546252                            /opt/jdk1.7.0_45/bin/java
00600000-00601000 rw-p 00000000 08:04 1546252                            /opt/jdk1.7.0_45/bin/java
023b5000-023d6000 rw-p 00000000 00:00 0                                  [heap]
c0000000-f0000000 rw-p 00000000 00:00 0 
7f3550a79000-7f3550be4000 rw-p 00000000 00:00 0 
7f3550be4000-7f3550de4000 rw-p 00000000 00:00 0 
7f3550de4000-7f3550de5000 rw-p 00000000 00:00 0 
7f3550de5000-7f3551055000 rwxp 00000000 00:00 0 
7f3551055000-7f3553de5000 rw-p 00000000 00:00 0 
7f3553de5000-7f3553dff000 r-xp 00000000 08:04 1547042                    /opt/jdk1.7.0_45/jre/lib/amd64/libzip.so
7f3553dff000-7f3553fff000 ---p 0001a000 08:04 1547042                    /opt/jdk1.7.0_45/jre/lib/amd64/libzip.so
7f3553fff000-7f3554000000 rw-p 0001a000 08:04 1547042                    /opt/jdk1.7.0_45/jre/lib/amd64/libzip.so
7f3554000000-7f3554025000 rw-p 00000000 00:00 0 
7f3554025000-7f3558000000 ---p 00000000 00:00 0 
7f3558078000-7f3558152000 rw-p 00000000 00:00 0 
7f3558152000-7f355815e000 r-xp 00000000 08:04 1456348                    /lib/x86_64-linux-gnu/libnss_files-2.17.so
7f355815e000-7f355835d000 ---p 0000c000 08:04 1456348                    /lib/x86_64-linux-gnu/libnss_files-2.17.so
7f355835d000-7f355835e000 r--p 0000b000 08:04 1456348                    /lib/x86_64-linux-gnu/libnss_files-2.17.so
7f355835e000-7f355835f000 rw-p 0000c000 08:04 1456348                    /lib/x86_64-linux-gnu/libnss_files-2.17.so
7f355835f000-7f355836a000 r-xp 00000000 08:04 1456352                    /lib/x86_64-linux-gnu/libnss_nis-2.17.so
7f355836a000-7f3558569000 ---p 0000b000 08:04 1456352                    /lib/x86_64-linux-gnu/libnss_nis-2.17.so
7f3558569000-7f355856a000 r--p 0000a000 08:04 1456352                    /lib/x86_64-linux-gnu/libnss_nis-2.17.so
7f355856a000-7f355856b000 rw-p 0000b000 08:04 1456352                    /lib/x86_64-linux-gnu/libnss_nis-2.17.so
7f355856b000-7f3558582000 r-xp 00000000 08:04 1456342                    /lib/x86_64-linux-gnu/libnsl-2.17.so
7f3558582000-7f3558781000 ---p 00017000 08:04 1456342                    /lib/x86_64-linux-gnu/libnsl-2.17.so
7f3558781000-7f3558782000 r--p 00016000 08:04 1456342                    /lib/x86_64-linux-gnu/libnsl-2.17.so
7f3558782000-7f3558783000 rw-p 00017000 08:04 1456342                    /lib/x86_64-linux-gnu/libnsl-2.17.so
7f3558783000-7f3558785000 rw-p 00000000 00:00 0 
7f3558785000-7f355878d000 r-xp 00000000 08:04 1456344                    /lib/x86_64-linux-gnu/libnss_compat-2.17.so
7f355878d000-7f355898c000 ---p 00008000 08:04 1456344                    /lib/x86_64-linux-gnu/libnss_compat-2.17.so
7f355898c000-7f355898d000 r--p 00007000 08:04 1456344                    /lib/x86_64-linux-gnu/libnss_compat-2.17.so
7f355898d000-7f355898e000 rw-p 00008000 08:04 1456344                    /lib/x86_64-linux-gnu/libnss_compat-2.17.so
7f355898e000-7f35589b7000 r-xp 00000000 08:04 1547033                    /opt/jdk1.7.0_45/jre/lib/amd64/libjava.so
7f35589b7000-7f3558bb7000 ---p 00029000 08:04 1547033                    /opt/jdk1.7.0_45/jre/lib/amd64/libjava.so
7f3558bb7000-7f3558bb9000 rw-p 00029000 08:04 1547033                    /opt/jdk1.7.0_45/jre/lib/amd64/libjava.so
7f3558bb9000-7f3558bc6000 r-xp 00000000 08:04 1547022                    /opt/jdk1.7.0_45/jre/lib/amd64/libverify.so
7f3558bc6000-7f3558dc5000 ---p 0000d000 08:04 1547022                    /opt/jdk1.7.0_45/jre/lib/amd64/libverify.so
7f3558dc5000-7f3558dc7000 rw-p 0000c000 08:04 1547022                    /opt/jdk1.7.0_45/jre/lib/amd64/libverify.so
7f3558dc7000-7f3558dce000 r-xp 00000000 08:04 1456395                    /lib/x86_64-linux-gnu/librt-2.17.so
7f3558dce000-7f3558fcd000 ---p 00007000 08:04 1456395                    /lib/x86_64-linux-gnu/librt-2.17.so
7f3558fcd000-7f3558fce000 r--p 00006000 08:04 1456395                    /lib/x86_64-linux-gnu/librt-2.17.so
7f3558fce000-7f3558fcf000 rw-p 00007000 08:04 1456395                    /lib/x86_64-linux-gnu/librt-2.17.so
7f3558fcf000-7f35590d2000 r-xp 00000000 08:04 1456323                    /lib/x86_64-linux-gnu/libm-2.17.so
7f35590d2000-7f35592d1000 ---p 00103000 08:04 1456323                    /lib/x86_64-linux-gnu/libm-2.17.so
7f35592d1000-7f35592d2000 r--p 00102000 08:04 1456323                    /lib/x86_64-linux-gnu/libm-2.17.so
7f35592d2000-7f35592d3000 rw-p 00103000 08:04 1456323                    /lib/x86_64-linux-gnu/libm-2.17.so
7f35592d3000-7f3559e35000 r-xp 00000000 08:04 1547040                    /opt/jdk1.7.0_45/jre/lib/amd64/server/libjvm.so
7f3559e35000-7f355a035000 ---p 00b62000 08:04 1547040                    /opt/jdk1.7.0_45/jre/lib/amd64/server/libjvm.so
7f355a035000-7f355a0f8000 rw-p 00b62000 08:04 1547040                    /opt/jdk1.7.0_45/jre/lib/amd64/server/libjvm.so
7f355a0f8000-7f355a139000 rw-p 00000000 00:00 0 
7f355a139000-7f355a2f6000 r-xp 00000000 08:04 1456272                    /lib/x86_64-linux-gnu/libc-2.17.so
7f355a2f6000-7f355a4f6000 ---p 001bd000 08:04 1456272                    /lib/x86_64-linux-gnu/libc-2.17.so
7f355a4f6000-7f355a4fa000 r--p 001bd000 08:04 1456272                    /lib/x86_64-linux-gnu/libc-2.17.so
7f355a4fa000-7f355a4fc000 rw-p 001c1000 08:04 1456272                    /lib/x86_64-linux-gnu/libc-2.17.so
7f355a4fc000-7f355a501000 rw-p 00000000 00:00 0 
7f355a501000-7f355a504000 r-xp 00000000 08:04 1456287                    /lib/x86_64-linux-gnu/libdl-2.17.so
7f355a504000-7f355a703000 ---p 00003000 08:04 1456287                    /lib/x86_64-linux-gnu/libdl-2.17.so
7f355a703000-7f355a704000 r--p 00002000 08:04 1456287                    /lib/x86_64-linux-gnu/libdl-2.17.so
7f355a704000-7f355a705000 rw-p 00003000 08:04 1456287                    /lib/x86_64-linux-gnu/libdl-2.17.so
7f355a705000-7f355a71b000 r-xp 00000000 08:04 1545863                    /opt/jdk1.7.0_45/lib/amd64/jli/libjli.so
7f355a71b000-7f355a91b000 ---p 00016000 08:04 1545863                    /opt/jdk1.7.0_45/lib/amd64/jli/libjli.so
7f355a91b000-7f355a91c000 rw-p 00016000 08:04 1545863                    /opt/jdk1.7.0_45/lib/amd64/jli/libjli.so
7f355a91c000-7f355a933000 r-xp 00000000 08:04 1456387                    /lib/x86_64-linux-gnu/libpthread-2.17.so
7f355a933000-7f355ab33000 ---p 00017000 08:04 1456387                    /lib/x86_64-linux-gnu/libpthread-2.17.so
7f355ab33000-7f355ab34000 r--p 00017000 08:04 1456387                    /lib/x86_64-linux-gnu/libpthread-2.17.so
7f355ab34000-7f355ab35000 rw-p 00018000 08:04 1456387                    /lib/x86_64-linux-gnu/libpthread-2.17.so
7f355ab35000-7f355ab39000 rw-p 00000000 00:00 0 
7f355ab39000-7f355ab5c000 r-xp 00000000 08:04 1456246                    /lib/x86_64-linux-gnu/ld-2.17.so
7f355ab75000-7f355ab7f000 rw-p 00000000 00:00 0 
7f355ab7f000-7f355ac35000 rw-p 00000000 00:00 0 
7f355ac35000-7f355ac38000 ---p 00000000 00:00 0 
7f355ac38000-7f355ad3a000 rw-p 00000000 00:00 0                          [stack:8863]
7f355ad4d000-7f355ad4f000 rw-p 00000000 00:00 0 
7f355ad4f000-7f355ad57000 rw-s 00000000 08:04 1234633                    /tmp/hsperfdata_amgak/8862
7f355ad57000-7f355ad58000 rw-p 00000000 00:00 0 
7f355ad58000-7f355ad59000 r--p 00000000 00:00 0 
7f355ad59000-7f355ad5b000 rw-p 00000000 00:00 0 
7f355ad5b000-7f355ad5c000 r--p 00022000 08:04 1456246                    /lib/x86_64-linux-gnu/ld-2.17.so
7f355ad5c000-7f355ad5e000 rw-p 00023000 08:04 1456246                    /lib/x86_64-linux-gnu/ld-2.17.so
7fff89bf4000-7fff89c15000 rw-p 00000000 00:00 0                          [stack]
7fff89d54000-7fff89d56000 r-xp 00000000 00:00 0                          [vdso]
ffffffffff600000-ffffffffff601000 r-xp 00000000 00:00 0                  [vsyscall]

VM Arguments:
jvm_args: -Dgrails.home=/opt/grails-2.2.2 -Dbase.dir=/home/amgak/IdeaProjects/myFrontend -Dtools.jar=/opt/jdk1.7.0_45/lib/tools.jar -Dgroovy.starter.conf=/opt/grails-2.2.2/conf/groovy-starter.conf -Xmx768M -Xms768M -XX:MaxPermSize=256m -XX:PermSize=256m -Dfile.encoding=UTF-8 
java_command: org.codehaus.groovy.grails.cli.support.GrailsStarter --main org.codehaus.groovy.grails.cli.GrailsScriptRunner --conf /opt/grails-2.2.2/conf/groovy-starter.conf create-controller auth
Launcher Type: SUN_STANDARD

Environment Variables:
JAVA_HOME=/usr/lib/jvm/jdk1.7.0_45
CLASSPATH=/home/amgak/soft/idea-IU-129.1359/bin/../lib/bootstrap.jar:/home/amgak/soft/idea-IU-129.1359/bin/../lib/extensions.jar:/home/amgak/soft/idea-IU-129.1359/bin/../lib/util.jar:/home/amgak/soft/idea-IU-129.1359/bin/../lib/jdom.jar:/home/amgak/soft/idea-IU-129.1359/bin/../lib/log4j.jar:/home/amgak/soft/idea-IU-129.1359/bin/../lib/trove4j.jar:/home/amgak/soft/idea-IU-129.1359/bin/../lib/jna.jar:/usr/lib/jvm/jdk1.7.0_45/lib/tools.jar
PATH=/usr/lib/lightdm/lightdm:/usr/local/sbin:/usr/local/bin:/usr/sbin:/usr/bin:/sbin:/bin:/usr/games:/usr/local/games
LD_LIBRARY_PATH=/home/amgak/soft/idea-IU-129.1359/bin:
SHELL=/bin/bash
DISPLAY=:0

Signal Handlers:
SIGSEGV: [libjvm.so+0x9935b0], sa_mask[0]=0x7ffbfeff, sa_flags=0x10000004
SIGBUS: [libjvm.so+0x9935b0], sa_mask[0]=0x7ffbfeff, sa_flags=0x10000004
SIGFPE: [libjvm.so+0x810330], sa_mask[0]=0x7ffbfeff, sa_flags=0x10000004
SIGPIPE: [libjvm.so+0x810330], sa_mask[0]=0x7ffbfeff, sa_flags=0x10000004
SIGXFSZ: [libjvm.so+0x810330], sa_mask[0]=0x7ffbfeff, sa_flags=0x10000004
SIGILL: [libjvm.so+0x810330], sa_mask[0]=0x7ffbfeff, sa_flags=0x10000004
SIGUSR1: SIG_DFL, sa_mask[0]=0x00000000, sa_flags=0x00000000
SIGUSR2: [libjvm.so+0x811820], sa_mask[0]=0x00000004, sa_flags=0x10000004
SIGHUP: SIG_DFL, sa_mask[0]=0x00000000, sa_flags=0x00000000
SIGINT: SIG_DFL, sa_mask[0]=0x00000000, sa_flags=0x00000000
SIGTERM: SIG_DFL, sa_mask[0]=0x00000000, sa_flags=0x00000000
SIGQUIT: SIG_DFL, sa_mask[0]=0x00000000, sa_flags=0x00000000


---------------  S Y S T E M  ---------------

OS:wheezy/sid

uname:Linux 3.11.0-14-generic #21-Ubuntu SMP Tue Nov 12 17:04:55 UTC 2013 x86_64
libc:glibc 2.17 NPTL 2.17 
rlimit: STACK 8192k, CORE 0k, NPROC 30658, NOFILE 4096, AS infinity
load average:0.68 0.92 1.07

/proc/meminfo:
MemTotal:        3952228 kB
MemFree:          153900 kB
Buffers:            4988 kB
Cached:           310960 kB
SwapCached:            0 kB
Active:          3408528 kB
Inactive:         204328 kB
Active(anon):    3299488 kB
Inactive(anon):   124272 kB
Active(file):     109040 kB
Inactive(file):    80056 kB
Unevictable:           0 kB
Mlocked:               0 kB
SwapTotal:             0 kB
SwapFree:              0 kB
Dirty:              7572 kB
Writeback:             0 kB
AnonPages:       3296844 kB
Mapped:           160476 kB
Shmem:            126992 kB
Slab:              76648 kB
SReclaimable:      39248 kB
SUnreclaim:        37400 kB
KernelStack:        4944 kB
PageTables:        46068 kB
NFS_Unstable:          0 kB
Bounce:                0 kB
WritebackTmp:          0 kB
CommitLimit:     1976112 kB
Committed_AS:    7753932 kB
VmallocTotal:   34359738367 kB
VmallocUsed:      346972 kB
VmallocChunk:   34359388636 kB
HardwareCorrupted:     0 kB
AnonHugePages:         0 kB
HugePages_Total:       0
HugePages_Free:        0
HugePages_Rsvd:        0
HugePages_Surp:        0
Hugepagesize:       2048 kB
DirectMap4k:       70136 kB
DirectMap2M:     4028416 kB


CPU:total 4 (2 cores per cpu, 2 threads per core) family 6 model 42 stepping 7, cmov, cx8, fxsr, mmx, sse, sse2, sse3, ssse3, sse4.1, sse4.2, popcnt, avx, ht, tsc, tscinvbit

/proc/cpuinfo:
processor	: 0
vendor_id	: GenuineIntel
cpu family	: 6
model		: 42
model name	: Intel(R) Core(TM) i3-2310M CPU @ 2.10GHz
stepping	: 7
microcode	: 0x1b
cpu MHz		: 2100.000
cache size	: 3072 KB
physical id	: 0
siblings	: 4
core id		: 0
cpu cores	: 2
apicid		: 0
initial apicid	: 0
fpu		: yes
fpu_exception	: yes
cpuid level	: 13
wp		: yes
flags		: fpu vme de pse tsc msr pae mce cx8 apic sep mtrr pge mca cmov pat pse36 clflush dts acpi mmx fxsr sse sse2 ss ht tm pbe syscall nx rdtscp lm constant_tsc arch_perfmon pebs bts rep_good nopl xtopology nonstop_tsc aperfmperf eagerfpu pni pclmulqdq dtes64 monitor ds_cpl vmx est tm2 ssse3 cx16 xtpr pdcm pcid sse4_1 sse4_2 x2apic popcnt tsc_deadline_timer xsave avx lahf_lm arat epb xsaveopt pln pts dtherm tpr_shadow vnmi flexpriority ept vpid
bogomips	: 4190.44
clflush size	: 64
cache_alignment	: 64
address sizes	: 36 bits physical, 48 bits virtual
power management:

processor	: 1
vendor_id	: GenuineIntel
cpu family	: 6
model		: 42
model name	: Intel(R) Core(TM) i3-2310M CPU @ 2.10GHz
stepping	: 7
microcode	: 0x1b
cpu MHz		: 2100.000
cache size	: 3072 KB
physical id	: 0
siblings	: 4
core id		: 1
cpu cores	: 2
apicid		: 2
initial apicid	: 2
fpu		: yes
fpu_exception	: yes
cpuid level	: 13
wp		: yes
flags		: fpu vme de pse tsc msr pae mce cx8 apic sep mtrr pge mca cmov pat pse36 clflush dts acpi mmx fxsr sse sse2 ss ht tm pbe syscall nx rdtscp lm constant_tsc arch_perfmon pebs bts rep_good nopl xtopology nonstop_tsc aperfmperf eagerfpu pni pclmulqdq dtes64 monitor ds_cpl vmx est tm2 ssse3 cx16 xtpr pdcm pcid sse4_1 sse4_2 x2apic popcnt tsc_deadline_timer xsave avx lahf_lm arat epb xsaveopt pln pts dtherm tpr_shadow vnmi flexpriority ept vpid
bogomips	: 4190.44
clflush size	: 64
cache_alignment	: 64
address sizes	: 36 bits physical, 48 bits virtual
power management:

processor	: 2
vendor_id	: GenuineIntel
cpu family	: 6
model		: 42
model name	: Intel(R) Core(TM) i3-2310M CPU @ 2.10GHz
stepping	: 7
microcode	: 0x1b
cpu MHz		: 2100.000
cache size	: 3072 KB
physical id	: 0
siblings	: 4
core id		: 0
cpu cores	: 2
apicid		: 1
initial apicid	: 1
fpu		: yes
fpu_exception	: yes
cpuid level	: 13
wp		: yes
flags		: fpu vme de pse tsc msr pae mce cx8 apic sep mtrr pge mca cmov pat pse36 clflush dts acpi mmx fxsr sse sse2 ss ht tm pbe syscall nx rdtscp lm constant_tsc arch_perfmon pebs bts rep_good nopl xtopology nonstop_tsc aperfmperf eagerfpu pni pclmulqdq dtes64 monitor ds_cpl vmx est tm2 ssse3 cx16 xtpr pdcm pcid sse4_1 sse4_2 x2apic popcnt tsc_deadline_timer xsave avx lahf_lm arat epb xsaveopt pln pts dtherm tpr_shadow vnmi flexpriority ept vpid
bogomips	: 4190.44
clflush size	: 64
cache_alignment	: 64
address sizes	: 36 bits physical, 48 bits virtual
power management:

processor	: 3
vendor_id	: GenuineIntel
cpu family	: 6
model		: 42
model name	: Intel(R) Core(TM) i3-2310M CPU @ 2.10GHz
stepping	: 7
microcode	: 0x1b
cpu MHz		: 2100.000
cache size	: 3072 KB
physical id	: 0
siblings	: 4
core id		: 1
cpu cores	: 2
apicid		: 3
initial apicid	: 3
fpu		: yes
fpu_exception	: yes
cpuid level	: 13
wp		: yes
flags		: fpu vme de pse tsc msr pae mce cx8 apic sep mtrr pge mca cmov pat pse36 clflush dts acpi mmx fxsr sse sse2 ss ht tm pbe syscall nx rdtscp lm constant_tsc arch_perfmon pebs bts rep_good nopl xtopology nonstop_tsc aperfmperf eagerfpu pni pclmulqdq dtes64 monitor ds_cpl vmx est tm2 ssse3 cx16 xtpr pdcm pcid sse4_1 sse4_2 x2apic popcnt tsc_deadline_timer xsave avx lahf_lm arat epb xsaveopt pln pts dtherm tpr_shadow vnmi flexpriority ept vpid
bogomips	: 4190.44
clflush size	: 64
cache_alignment	: 64
address sizes	: 36 bits physical, 48 bits virtual
power management:



Memory: 4k page, physical 3952228k(153900k free), swap 0k(0k free)

vm_info: Java HotSpot(TM) 64-Bit Server VM (24.45-b08) for linux-amd64 JRE (1.7.0_45-b18), built on Oct  8 2013 05:44:25 by "java_re" with gcc 4.3.0 20080428 (Red Hat 4.3.0-8)

time: Sat Dec 14 00:50:06 2013
elapsed time: 0 seconds

