#
# There is insufficient memory for the Java Runtime Environment to continue.
# Native memory allocation (malloc) failed to allocate 536870912 bytes for committing reserved memory.
# Possible reasons:
#   The system is out of physical RAM or swap space
#   In 32 bit mode, the process size limit was hit
# Possible solutions:
#   Reduce memory load on the system
#   Increase physical memory or swap space
#   Check if swap backing store is full
#   Use 64 bit Java on a 64 bit OS
#   Decrease Java heap size (-Xmx/-Xms)
#   Decrease number of Java threads
#   Decrease Java thread stack sizes (-Xss)
#   Set larger code cache with -XX:ReservedCodeCacheSize=
# This output file may be truncated or incomplete.
#
#  Out of Memory Error (os_linux.cpp:2718), pid=8970, tid=140138728666880
#
# JRE version:  (7.0_45-b18) (build )
# Java VM: Java HotSpot(TM) 64-Bit Server VM (24.45-b08 mixed mode linux-amd64 compressed oops)
# Failed to write core dump. Core dumps have been disabled. To enable core dumping, try "ulimit -c unlimited" before starting Java again
#

---------------  T H R E A D  ---------------

Current thread (0x00007f749000a000):  JavaThread "Unknown thread" [_thread_in_vm, id=8971, stack(0x00007f7497143000,0x00007f7497244000)]

Stack: [0x00007f7497143000,0x00007f7497244000],  sp=0x00007f74972421a0,  free space=1020k
Native frames: (J=compiled Java code, j=interpreted, Vv=VM code, C=native code)
V  [libjvm.so+0x992c8a]  VMError::report_and_die()+0x2ea
V  [libjvm.so+0x49319b]  report_vm_out_of_memory(char const*, int, unsigned long, char const*)+0x9b
V  [libjvm.so+0x81310e]  os::Linux::commit_memory_impl(char*, unsigned long, bool)+0xfe
V  [libjvm.so+0x8135bf]  os::Linux::commit_memory_impl(char*, unsigned long, unsigned long, bool)+0x4f
V  [libjvm.so+0x81377c]  os::pd_commit_memory(char*, unsigned long, unsigned long, bool)+0xc
V  [libjvm.so+0x80d86a]  os::commit_memory(char*, unsigned long, unsigned long, bool)+0x2a
V  [libjvm.so+0x87fa33]  PSVirtualSpace::expand_by(unsigned long)+0x53
V  [libjvm.so+0x86e853]  PSOldGen::initialize(ReservedSpace, unsigned long, char const*, int)+0x103
V  [libjvm.so+0x299033]  AdjoiningGenerations::AdjoiningGenerations(ReservedSpace, unsigned long, unsigned long, unsigned long, unsigned long, unsigned long, unsigned long, unsigned long)+0x3e3
V  [libjvm.so+0x833f40]  ParallelScavengeHeap::initialize()+0x550
V  [libjvm.so+0x96625a]  Universe::initialize_heap()+0xca
V  [libjvm.so+0x967429]  universe_init()+0x79
V  [libjvm.so+0x5a9645]  init_globals()+0x65
V  [libjvm.so+0x94ed1d]  Threads::create_vm(JavaVMInitArgs*, bool*)+0x1ed
V  [libjvm.so+0x630804]  JNI_CreateJavaVM+0x74
C  [libjli.so+0x2f8e]  JavaMain+0x9e


---------------  P R O C E S S  ---------------

Java Threads: ( => current thread )

Other Threads:

=>0x00007f749000a000 (exited) JavaThread "Unknown thread" [_thread_in_vm, id=8971, stack(0x00007f7497143000,0x00007f7497244000)]

VM state:not at safepoint (not fully initialized)

VM Mutex/Monitor currently owned by a thread: None

GC Heap History (0 events):
No events

Deoptimization events (0 events):
No events

Internal exceptions (0 events):
No events

Events (0 events):
No events


Dynamic libraries:
00400000-00401000 r-xp 00000000 08:04 1546252                            /opt/jdk1.7.0_45/bin/java
00600000-00601000 rw-p 00000000 08:04 1546252                            /opt/jdk1.7.0_45/bin/java
023f8000-02419000 rw-p 00000000 00:00 0                                  [heap]
c0000000-d0000000 rw-p 00000000 00:00 0 
f0000000-100000000 rw-p 00000000 00:00 0 
7f748ce95000-7f748d000000 rw-p 00000000 00:00 0 
7f748d000000-7f748d270000 rwxp 00000000 00:00 0 
7f748d270000-7f7490026000 rw-p 00000000 00:00 0 
7f7490026000-7f7494000000 ---p 00000000 00:00 0 
7f749416a000-7f7494244000 rw-p 00000000 00:00 0 
7f7494244000-7f74943c4000 rw-p 00000000 00:00 0 
7f74943c4000-7f7494445000 rw-p 00000000 00:00 0 
7f7494445000-7f749445f000 r-xp 00000000 08:04 1547042                    /opt/jdk1.7.0_45/jre/lib/amd64/libzip.so
7f749445f000-7f749465f000 ---p 0001a000 08:04 1547042                    /opt/jdk1.7.0_45/jre/lib/amd64/libzip.so
7f749465f000-7f7494660000 rw-p 0001a000 08:04 1547042                    /opt/jdk1.7.0_45/jre/lib/amd64/libzip.so
7f7494660000-7f749466c000 r-xp 00000000 08:04 1456348                    /lib/x86_64-linux-gnu/libnss_files-2.17.so
7f749466c000-7f749486b000 ---p 0000c000 08:04 1456348                    /lib/x86_64-linux-gnu/libnss_files-2.17.so
7f749486b000-7f749486c000 r--p 0000b000 08:04 1456348                    /lib/x86_64-linux-gnu/libnss_files-2.17.so
7f749486c000-7f749486d000 rw-p 0000c000 08:04 1456348                    /lib/x86_64-linux-gnu/libnss_files-2.17.so
7f749486d000-7f7494878000 r-xp 00000000 08:04 1456352                    /lib/x86_64-linux-gnu/libnss_nis-2.17.so
7f7494878000-7f7494a77000 ---p 0000b000 08:04 1456352                    /lib/x86_64-linux-gnu/libnss_nis-2.17.so
7f7494a77000-7f7494a78000 r--p 0000a000 08:04 1456352                    /lib/x86_64-linux-gnu/libnss_nis-2.17.so
7f7494a78000-7f7494a79000 rw-p 0000b000 08:04 1456352                    /lib/x86_64-linux-gnu/libnss_nis-2.17.so
7f7494a79000-7f7494a90000 r-xp 00000000 08:04 1456342                    /lib/x86_64-linux-gnu/libnsl-2.17.so
7f7494a90000-7f7494c8f000 ---p 00017000 08:04 1456342                    /lib/x86_64-linux-gnu/libnsl-2.17.so
7f7494c8f000-7f7494c90000 r--p 00016000 08:04 1456342                    /lib/x86_64-linux-gnu/libnsl-2.17.so
7f7494c90000-7f7494c91000 rw-p 00017000 08:04 1456342                    /lib/x86_64-linux-gnu/libnsl-2.17.so
7f7494c91000-7f7494c93000 rw-p 00000000 00:00 0 
7f7494c93000-7f7494c9b000 r-xp 00000000 08:04 1456344                    /lib/x86_64-linux-gnu/libnss_compat-2.17.so
7f7494c9b000-7f7494e9a000 ---p 00008000 08:04 1456344                    /lib/x86_64-linux-gnu/libnss_compat-2.17.so
7f7494e9a000-7f7494e9b000 r--p 00007000 08:04 1456344                    /lib/x86_64-linux-gnu/libnss_compat-2.17.so
7f7494e9b000-7f7494e9c000 rw-p 00008000 08:04 1456344                    /lib/x86_64-linux-gnu/libnss_compat-2.17.so
7f7494e9c000-7f7494ec5000 r-xp 00000000 08:04 1547033                    /opt/jdk1.7.0_45/jre/lib/amd64/libjava.so
7f7494ec5000-7f74950c5000 ---p 00029000 08:04 1547033                    /opt/jdk1.7.0_45/jre/lib/amd64/libjava.so
7f74950c5000-7f74950c7000 rw-p 00029000 08:04 1547033                    /opt/jdk1.7.0_45/jre/lib/amd64/libjava.so
7f74950c7000-7f74950d4000 r-xp 00000000 08:04 1547022                    /opt/jdk1.7.0_45/jre/lib/amd64/libverify.so
7f74950d4000-7f74952d3000 ---p 0000d000 08:04 1547022                    /opt/jdk1.7.0_45/jre/lib/amd64/libverify.so
7f74952d3000-7f74952d5000 rw-p 0000c000 08:04 1547022                    /opt/jdk1.7.0_45/jre/lib/amd64/libverify.so
7f74952d5000-7f74952dc000 r-xp 00000000 08:04 1456395                    /lib/x86_64-linux-gnu/librt-2.17.so
7f74952dc000-7f74954db000 ---p 00007000 08:04 1456395                    /lib/x86_64-linux-gnu/librt-2.17.so
7f74954db000-7f74954dc000 r--p 00006000 08:04 1456395                    /lib/x86_64-linux-gnu/librt-2.17.so
7f74954dc000-7f74954dd000 rw-p 00007000 08:04 1456395                    /lib/x86_64-linux-gnu/librt-2.17.so
7f74954dd000-7f74955e0000 r-xp 00000000 08:04 1456323                    /lib/x86_64-linux-gnu/libm-2.17.so
7f74955e0000-7f74957df000 ---p 00103000 08:04 1456323                    /lib/x86_64-linux-gnu/libm-2.17.so
7f74957df000-7f74957e0000 r--p 00102000 08:04 1456323                    /lib/x86_64-linux-gnu/libm-2.17.so
7f74957e0000-7f74957e1000 rw-p 00103000 08:04 1456323                    /lib/x86_64-linux-gnu/libm-2.17.so
7f74957e1000-7f7496343000 r-xp 00000000 08:04 1547040                    /opt/jdk1.7.0_45/jre/lib/amd64/server/libjvm.so
7f7496343000-7f7496543000 ---p 00b62000 08:04 1547040                    /opt/jdk1.7.0_45/jre/lib/amd64/server/libjvm.so
7f7496543000-7f7496606000 rw-p 00b62000 08:04 1547040                    /opt/jdk1.7.0_45/jre/lib/amd64/server/libjvm.so
7f7496606000-7f7496647000 rw-p 00000000 00:00 0 
7f7496647000-7f7496804000 r-xp 00000000 08:04 1456272                    /lib/x86_64-linux-gnu/libc-2.17.so
7f7496804000-7f7496a04000 ---p 001bd000 08:04 1456272                    /lib/x86_64-linux-gnu/libc-2.17.so
7f7496a04000-7f7496a08000 r--p 001bd000 08:04 1456272                    /lib/x86_64-linux-gnu/libc-2.17.so
7f7496a08000-7f7496a0a000 rw-p 001c1000 08:04 1456272                    /lib/x86_64-linux-gnu/libc-2.17.so
7f7496a0a000-7f7496a0f000 rw-p 00000000 00:00 0 
7f7496a0f000-7f7496a12000 r-xp 00000000 08:04 1456287                    /lib/x86_64-linux-gnu/libdl-2.17.so
7f7496a12000-7f7496c11000 ---p 00003000 08:04 1456287                    /lib/x86_64-linux-gnu/libdl-2.17.so
7f7496c11000-7f7496c12000 r--p 00002000 08:04 1456287                    /lib/x86_64-linux-gnu/libdl-2.17.so
7f7496c12000-7f7496c13000 rw-p 00003000 08:04 1456287                    /lib/x86_64-linux-gnu/libdl-2.17.so
7f7496c13000-7f7496c29000 r-xp 00000000 08:04 1545863                    /opt/jdk1.7.0_45/lib/amd64/jli/libjli.so
7f7496c29000-7f7496e29000 ---p 00016000 08:04 1545863                    /opt/jdk1.7.0_45/lib/amd64/jli/libjli.so
7f7496e29000-7f7496e2a000 rw-p 00016000 08:04 1545863                    /opt/jdk1.7.0_45/lib/amd64/jli/libjli.so
7f7496e2a000-7f7496e41000 r-xp 00000000 08:04 1456387                    /lib/x86_64-linux-gnu/libpthread-2.17.so
7f7496e41000-7f7497041000 ---p 00017000 08:04 1456387                    /lib/x86_64-linux-gnu/libpthread-2.17.so
7f7497041000-7f7497042000 r--p 00017000 08:04 1456387                    /lib/x86_64-linux-gnu/libpthread-2.17.so
7f7497042000-7f7497043000 rw-p 00018000 08:04 1456387                    /lib/x86_64-linux-gnu/libpthread-2.17.so
7f7497043000-7f7497047000 rw-p 00000000 00:00 0 
7f7497047000-7f749706a000 r-xp 00000000 08:04 1456246                    /lib/x86_64-linux-gnu/ld-2.17.so
7f7497083000-7f749708d000 rw-p 00000000 00:00 0 
7f749708d000-7f7497143000 rw-p 00000000 00:00 0 
7f7497143000-7f7497146000 ---p 00000000 00:00 0 
7f7497146000-7f7497248000 rw-p 00000000 00:00 0                          [stack:8971]
7f749725b000-7f749725d000 rw-p 00000000 00:00 0 
7f749725d000-7f7497265000 rw-s 00000000 08:04 1234633                    /tmp/hsperfdata_amgak/8970
7f7497265000-7f7497266000 rw-p 00000000 00:00 0 
7f7497266000-7f7497267000 r--p 00000000 00:00 0 
7f7497267000-7f7497269000 rw-p 00000000 00:00 0 
7f7497269000-7f749726a000 r--p 00022000 08:04 1456246                    /lib/x86_64-linux-gnu/ld-2.17.so
7f749726a000-7f749726c000 rw-p 00023000 08:04 1456246                    /lib/x86_64-linux-gnu/ld-2.17.so
7fff6d355000-7fff6d376000 rw-p 00000000 00:00 0                          [stack]
7fff6d3fe000-7fff6d400000 r-xp 00000000 00:00 0                          [vdso]
ffffffffff600000-ffffffffff601000 r-xp 00000000 00:00 0                  [vsyscall]

VM Arguments:
jvm_args: -Dgrails.home=/opt/grails-2.2.2 -Dbase.dir=/home/amgak/IdeaProjects/myFrontend -Dtools.jar=/opt/jdk1.7.0_45/lib/tools.jar -Dgroovy.starter.conf=/opt/grails-2.2.2/conf/groovy-starter.conf -Xmx768M -Xms768M -XX:MaxPermSize=256m -XX:PermSize=256m -Dfile.encoding=UTF-8 
java_command: org.codehaus.groovy.grails.cli.support.GrailsStarter --main org.codehaus.groovy.grails.cli.GrailsScriptRunner --conf /opt/grails-2.2.2/conf/groovy-starter.conf create-controller auth
Launcher Type: SUN_STANDARD

Environment Variables:
JAVA_HOME=/usr/lib/jvm/jdk1.7.0_45
CLASSPATH=/home/amgak/soft/idea-IU-129.1359/bin/../lib/bootstrap.jar:/home/amgak/soft/idea-IU-129.1359/bin/../lib/extensions.jar:/home/amgak/soft/idea-IU-129.1359/bin/../lib/util.jar:/home/amgak/soft/idea-IU-129.1359/bin/../lib/jdom.jar:/home/amgak/soft/idea-IU-129.1359/bin/../lib/log4j.jar:/home/amgak/soft/idea-IU-129.1359/bin/../lib/trove4j.jar:/home/amgak/soft/idea-IU-129.1359/bin/../lib/jna.jar:/usr/lib/jvm/jdk1.7.0_45/lib/tools.jar
PATH=/usr/lib/lightdm/lightdm:/usr/local/sbin:/usr/local/bin:/usr/sbin:/usr/bin:/sbin:/bin:/usr/games:/usr/local/games
LD_LIBRARY_PATH=/home/amgak/soft/idea-IU-129.1359/bin:
SHELL=/bin/bash
DISPLAY=:0

Signal Handlers:
SIGSEGV: [libjvm.so+0x9935b0], sa_mask[0]=0x7ffbfeff, sa_flags=0x10000004
SIGBUS: [libjvm.so+0x9935b0], sa_mask[0]=0x7ffbfeff, sa_flags=0x10000004
SIGFPE: [libjvm.so+0x810330], sa_mask[0]=0x7ffbfeff, sa_flags=0x10000004
SIGPIPE: [libjvm.so+0x810330], sa_mask[0]=0x7ffbfeff, sa_flags=0x10000004
SIGXFSZ: [libjvm.so+0x810330], sa_mask[0]=0x7ffbfeff, sa_flags=0x10000004
SIGILL: [libjvm.so+0x810330], sa_mask[0]=0x7ffbfeff, sa_flags=0x10000004
SIGUSR1: SIG_DFL, sa_mask[0]=0x00000000, sa_flags=0x00000000
SIGUSR2: [libjvm.so+0x811820], sa_mask[0]=0x00000004, sa_flags=0x10000004
SIGHUP: SIG_DFL, sa_mask[0]=0x00000000, sa_flags=0x00000000
SIGINT: SIG_DFL, sa_mask[0]=0x00000000, sa_flags=0x00000000
SIGTERM: SIG_DFL, sa_mask[0]=0x00000000, sa_flags=0x00000000
SIGQUIT: SIG_DFL, sa_mask[0]=0x00000000, sa_flags=0x00000000


---------------  S Y S T E M  ---------------

OS:wheezy/sid

uname:Linux 3.11.0-14-generic #21-Ubuntu SMP Tue Nov 12 17:04:55 UTC 2013 x86_64
libc:glibc 2.17 NPTL 2.17 
rlimit: STACK 8192k, CORE 0k, NPROC 30658, NOFILE 4096, AS infinity
load average:1.14 1.02 1.09

/proc/meminfo:
MemTotal:        3952228 kB
MemFree:          132248 kB
Buffers:            5704 kB
Cached:           345928 kB
SwapCached:            0 kB
Active:          3402508 kB
Inactive:         231248 kB
Active(anon):    3284948 kB
Inactive(anon):   117940 kB
Active(file):     117560 kB
Inactive(file):   113308 kB
Unevictable:           0 kB
Mlocked:               0 kB
SwapTotal:             0 kB
SwapFree:              0 kB
Dirty:              1096 kB
Writeback:             0 kB
AnonPages:       3282292 kB
Mapped:           157028 kB
Shmem:            120760 kB
Slab:              77012 kB
SReclaimable:      39560 kB
SUnreclaim:        37452 kB
KernelStack:        4936 kB
PageTables:        46052 kB
NFS_Unstable:          0 kB
Bounce:                0 kB
WritebackTmp:          0 kB
CommitLimit:     1976112 kB
Committed_AS:    7998884 kB
VmallocTotal:   34359738367 kB
VmallocUsed:      346972 kB
VmallocChunk:   34359388636 kB
HardwareCorrupted:     0 kB
AnonHugePages:         0 kB
HugePages_Total:       0
HugePages_Free:        0
HugePages_Rsvd:        0
HugePages_Surp:        0
Hugepagesize:       2048 kB
DirectMap4k:       70136 kB
DirectMap2M:     4028416 kB


CPU:total 4 (2 cores per cpu, 2 threads per core) family 6 model 42 stepping 7, cmov, cx8, fxsr, mmx, sse, sse2, sse3, ssse3, sse4.1, sse4.2, popcnt, avx, ht, tsc, tscinvbit

/proc/cpuinfo:
processor	: 0
vendor_id	: GenuineIntel
cpu family	: 6
model		: 42
model name	: Intel(R) Core(TM) i3-2310M CPU @ 2.10GHz
stepping	: 7
microcode	: 0x1b
cpu MHz		: 2100.000
cache size	: 3072 KB
physical id	: 0
siblings	: 4
core id		: 0
cpu cores	: 2
apicid		: 0
initial apicid	: 0
fpu		: yes
fpu_exception	: yes
cpuid level	: 13
wp		: yes
flags		: fpu vme de pse tsc msr pae mce cx8 apic sep mtrr pge mca cmov pat pse36 clflush dts acpi mmx fxsr sse sse2 ss ht tm pbe syscall nx rdtscp lm constant_tsc arch_perfmon pebs bts rep_good nopl xtopology nonstop_tsc aperfmperf eagerfpu pni pclmulqdq dtes64 monitor ds_cpl vmx est tm2 ssse3 cx16 xtpr pdcm pcid sse4_1 sse4_2 x2apic popcnt tsc_deadline_timer xsave avx lahf_lm arat epb xsaveopt pln pts dtherm tpr_shadow vnmi flexpriority ept vpid
bogomips	: 4190.44
clflush size	: 64
cache_alignment	: 64
address sizes	: 36 bits physical, 48 bits virtual
power management:

processor	: 1
vendor_id	: GenuineIntel
cpu family	: 6
model		: 42
model name	: Intel(R) Core(TM) i3-2310M CPU @ 2.10GHz
stepping	: 7
microcode	: 0x1b
cpu MHz		: 2100.000
cache size	: 3072 KB
physical id	: 0
siblings	: 4
core id		: 1
cpu cores	: 2
apicid		: 2
initial apicid	: 2
fpu		: yes
fpu_exception	: yes
cpuid level	: 13
wp		: yes
flags		: fpu vme de pse tsc msr pae mce cx8 apic sep mtrr pge mca cmov pat pse36 clflush dts acpi mmx fxsr sse sse2 ss ht tm pbe syscall nx rdtscp lm constant_tsc arch_perfmon pebs bts rep_good nopl xtopology nonstop_tsc aperfmperf eagerfpu pni pclmulqdq dtes64 monitor ds_cpl vmx est tm2 ssse3 cx16 xtpr pdcm pcid sse4_1 sse4_2 x2apic popcnt tsc_deadline_timer xsave avx lahf_lm arat epb xsaveopt pln pts dtherm tpr_shadow vnmi flexpriority ept vpid
bogomips	: 4190.44
clflush size	: 64
cache_alignment	: 64
address sizes	: 36 bits physical, 48 bits virtual
power management:

processor	: 2
vendor_id	: GenuineIntel
cpu family	: 6
model		: 42
model name	: Intel(R) Core(TM) i3-2310M CPU @ 2.10GHz
stepping	: 7
microcode	: 0x1b
cpu MHz		: 1400.000
cache size	: 3072 KB
physical id	: 0
siblings	: 4
core id		: 0
cpu cores	: 2
apicid		: 1
initial apicid	: 1
fpu		: yes
fpu_exception	: yes
cpuid level	: 13
wp		: yes
flags		: fpu vme de pse tsc msr pae mce cx8 apic sep mtrr pge mca cmov pat pse36 clflush dts acpi mmx fxsr sse sse2 ss ht tm pbe syscall nx rdtscp lm constant_tsc arch_perfmon pebs bts rep_good nopl xtopology nonstop_tsc aperfmperf eagerfpu pni pclmulqdq dtes64 monitor ds_cpl vmx est tm2 ssse3 cx16 xtpr pdcm pcid sse4_1 sse4_2 x2apic popcnt tsc_deadline_timer xsave avx lahf_lm arat epb xsaveopt pln pts dtherm tpr_shadow vnmi flexpriority ept vpid
bogomips	: 4190.44
clflush size	: 64
cache_alignment	: 64
address sizes	: 36 bits physical, 48 bits virtual
power management:

processor	: 3
vendor_id	: GenuineIntel
cpu family	: 6
model		: 42
model name	: Intel(R) Core(TM) i3-2310M CPU @ 2.10GHz
stepping	: 7
microcode	: 0x1b
cpu MHz		: 2100.000
cache size	: 3072 KB
physical id	: 0
siblings	: 4
core id		: 1
cpu cores	: 2
apicid		: 3
initial apicid	: 3
fpu		: yes
fpu_exception	: yes
cpuid level	: 13
wp		: yes
flags		: fpu vme de pse tsc msr pae mce cx8 apic sep mtrr pge mca cmov pat pse36 clflush dts acpi mmx fxsr sse sse2 ss ht tm pbe syscall nx rdtscp lm constant_tsc arch_perfmon pebs bts rep_good nopl xtopology nonstop_tsc aperfmperf eagerfpu pni pclmulqdq dtes64 monitor ds_cpl vmx est tm2 ssse3 cx16 xtpr pdcm pcid sse4_1 sse4_2 x2apic popcnt tsc_deadline_timer xsave avx lahf_lm arat epb xsaveopt pln pts dtherm tpr_shadow vnmi flexpriority ept vpid
bogomips	: 4190.44
clflush size	: 64
cache_alignment	: 64
address sizes	: 36 bits physical, 48 bits virtual
power management:



Memory: 4k page, physical 3952228k(132248k free), swap 0k(0k free)

vm_info: Java HotSpot(TM) 64-Bit Server VM (24.45-b08) for linux-amd64 JRE (1.7.0_45-b18), built on Oct  8 2013 05:44:25 by "java_re" with gcc 4.3.0 20080428 (Red Hat 4.3.0-8)

time: Sat Dec 14 00:51:25 2013
elapsed time: 0 seconds

