#
# There is insufficient memory for the Java Runtime Environment to continue.
# Native memory allocation (malloc) failed to allocate 268435456 bytes for committing reserved memory.
# Possible reasons:
#   The system is out of physical RAM or swap space
#   In 32 bit mode, the process size limit was hit
# Possible solutions:
#   Reduce memory load on the system
#   Increase physical memory or swap space
#   Check if swap backing store is full
#   Use 64 bit Java on a 64 bit OS
#   Decrease Java heap size (-Xmx/-Xms)
#   Decrease number of Java threads
#   Decrease Java thread stack sizes (-Xss)
#   Set larger code cache with -XX:ReservedCodeCacheSize=
# This output file may be truncated or incomplete.
#
#  Out of Memory Error (os_linux.cpp:2718), pid=8809, tid=139842188338944
#
# JRE version:  (7.0_45-b18) (build )
# Java VM: Java HotSpot(TM) 64-Bit Server VM (24.45-b08 mixed mode linux-amd64 compressed oops)
# Failed to write core dump. Core dumps have been disabled. To enable core dumping, try "ulimit -c unlimited" before starting Java again
#

---------------  T H R E A D  ---------------

Current thread (0x00007f2f8400a000):  JavaThread "Unknown thread" [_thread_in_vm, id=8814, stack(0x00007f2f8be5e000,0x00007f2f8bf5f000)]

Stack: [0x00007f2f8be5e000,0x00007f2f8bf5f000],  sp=0x00007f2f8bf5d1f0,  free space=1020k
Native frames: (J=compiled Java code, j=interpreted, Vv=VM code, C=native code)
V  [libjvm.so+0x992c8a]  VMError::report_and_die()+0x2ea
V  [libjvm.so+0x49319b]  report_vm_out_of_memory(char const*, int, unsigned long, char const*)+0x9b
V  [libjvm.so+0x81310e]  os::Linux::commit_memory_impl(char*, unsigned long, bool)+0xfe
V  [libjvm.so+0x8135bf]  os::Linux::commit_memory_impl(char*, unsigned long, unsigned long, bool)+0x4f
V  [libjvm.so+0x81377c]  os::pd_commit_memory(char*, unsigned long, unsigned long, bool)+0xc
V  [libjvm.so+0x80d86a]  os::commit_memory(char*, unsigned long, unsigned long, bool)+0x2a
V  [libjvm.so+0x87fa33]  PSVirtualSpace::expand_by(unsigned long)+0x53
V  [libjvm.so+0x8809c9]  PSYoungGen::initialize_virtual_space(ReservedSpace, unsigned long)+0x89
V  [libjvm.so+0x881340]  PSYoungGen::initialize(ReservedSpace, unsigned long)+0x50
V  [libjvm.so+0x298fc7]  AdjoiningGenerations::AdjoiningGenerations(ReservedSpace, unsigned long, unsigned long, unsigned long, unsigned long, unsigned long, unsigned long, unsigned long)+0x377
V  [libjvm.so+0x833f40]  ParallelScavengeHeap::initialize()+0x550
V  [libjvm.so+0x96625a]  Universe::initialize_heap()+0xca
V  [libjvm.so+0x967429]  universe_init()+0x79
V  [libjvm.so+0x5a9645]  init_globals()+0x65
V  [libjvm.so+0x94ed1d]  Threads::create_vm(JavaVMInitArgs*, bool*)+0x1ed
V  [libjvm.so+0x630804]  JNI_CreateJavaVM+0x74
C  [libjli.so+0x2f8e]  JavaMain+0x9e


---------------  P R O C E S S  ---------------

Java Threads: ( => current thread )

Other Threads:

=>0x00007f2f8400a000 (exited) JavaThread "Unknown thread" [_thread_in_vm, id=8814, stack(0x00007f2f8be5e000,0x00007f2f8bf5f000)]

VM state:not at safepoint (not fully initialized)

VM Mutex/Monitor currently owned by a thread: None

GC Heap History (0 events):
No events

Deoptimization events (0 events):
No events

Internal exceptions (0 events):
No events

Events (0 events):
No events


Dynamic libraries:
00400000-00401000 r-xp 00000000 08:04 1546252                            /opt/jdk1.7.0_45/bin/java
00600000-00601000 rw-p 00000000 08:04 1546252                            /opt/jdk1.7.0_45/bin/java
01692000-016b3000 rw-p 00000000 00:00 0                                  [heap]
c0000000-f0000000 rw-p 00000000 00:00 0 
7f2f81000000-7f2f81270000 rwxp 00000000 00:00 0 
7f2f81270000-7f2f84025000 rw-p 00000000 00:00 0 
7f2f84025000-7f2f88000000 ---p 00000000 00:00 0 
7f2f88d1a000-7f2f88f5f000 rw-p 00000000 00:00 0 
7f2f88f5f000-7f2f8915f000 rw-p 00000000 00:00 0 
7f2f8915f000-7f2f89160000 rw-p 00000000 00:00 0 
7f2f89160000-7f2f8917a000 r-xp 00000000 08:04 1547042                    /opt/jdk1.7.0_45/jre/lib/amd64/libzip.so
7f2f8917a000-7f2f8937a000 ---p 0001a000 08:04 1547042                    /opt/jdk1.7.0_45/jre/lib/amd64/libzip.so
7f2f8937a000-7f2f8937b000 rw-p 0001a000 08:04 1547042                    /opt/jdk1.7.0_45/jre/lib/amd64/libzip.so
7f2f8937b000-7f2f89387000 r-xp 00000000 08:04 1456348                    /lib/x86_64-linux-gnu/libnss_files-2.17.so
7f2f89387000-7f2f89586000 ---p 0000c000 08:04 1456348                    /lib/x86_64-linux-gnu/libnss_files-2.17.so
7f2f89586000-7f2f89587000 r--p 0000b000 08:04 1456348                    /lib/x86_64-linux-gnu/libnss_files-2.17.so
7f2f89587000-7f2f89588000 rw-p 0000c000 08:04 1456348                    /lib/x86_64-linux-gnu/libnss_files-2.17.so
7f2f89588000-7f2f89593000 r-xp 00000000 08:04 1456352                    /lib/x86_64-linux-gnu/libnss_nis-2.17.so
7f2f89593000-7f2f89792000 ---p 0000b000 08:04 1456352                    /lib/x86_64-linux-gnu/libnss_nis-2.17.so
7f2f89792000-7f2f89793000 r--p 0000a000 08:04 1456352                    /lib/x86_64-linux-gnu/libnss_nis-2.17.so
7f2f89793000-7f2f89794000 rw-p 0000b000 08:04 1456352                    /lib/x86_64-linux-gnu/libnss_nis-2.17.so
7f2f89794000-7f2f897ab000 r-xp 00000000 08:04 1456342                    /lib/x86_64-linux-gnu/libnsl-2.17.so
7f2f897ab000-7f2f899aa000 ---p 00017000 08:04 1456342                    /lib/x86_64-linux-gnu/libnsl-2.17.so
7f2f899aa000-7f2f899ab000 r--p 00016000 08:04 1456342                    /lib/x86_64-linux-gnu/libnsl-2.17.so
7f2f899ab000-7f2f899ac000 rw-p 00017000 08:04 1456342                    /lib/x86_64-linux-gnu/libnsl-2.17.so
7f2f899ac000-7f2f899ae000 rw-p 00000000 00:00 0 
7f2f899ae000-7f2f899b6000 r-xp 00000000 08:04 1456344                    /lib/x86_64-linux-gnu/libnss_compat-2.17.so
7f2f899b6000-7f2f89bb5000 ---p 00008000 08:04 1456344                    /lib/x86_64-linux-gnu/libnss_compat-2.17.so
7f2f89bb5000-7f2f89bb6000 r--p 00007000 08:04 1456344                    /lib/x86_64-linux-gnu/libnss_compat-2.17.so
7f2f89bb6000-7f2f89bb7000 rw-p 00008000 08:04 1456344                    /lib/x86_64-linux-gnu/libnss_compat-2.17.so
7f2f89bb7000-7f2f89be0000 r-xp 00000000 08:04 1547033                    /opt/jdk1.7.0_45/jre/lib/amd64/libjava.so
7f2f89be0000-7f2f89de0000 ---p 00029000 08:04 1547033                    /opt/jdk1.7.0_45/jre/lib/amd64/libjava.so
7f2f89de0000-7f2f89de2000 rw-p 00029000 08:04 1547033                    /opt/jdk1.7.0_45/jre/lib/amd64/libjava.so
7f2f89de2000-7f2f89def000 r-xp 00000000 08:04 1547022                    /opt/jdk1.7.0_45/jre/lib/amd64/libverify.so
7f2f89def000-7f2f89fee000 ---p 0000d000 08:04 1547022                    /opt/jdk1.7.0_45/jre/lib/amd64/libverify.so
7f2f89fee000-7f2f89ff0000 rw-p 0000c000 08:04 1547022                    /opt/jdk1.7.0_45/jre/lib/amd64/libverify.so
7f2f89ff0000-7f2f89ff7000 r-xp 00000000 08:04 1456395                    /lib/x86_64-linux-gnu/librt-2.17.so
7f2f89ff7000-7f2f8a1f6000 ---p 00007000 08:04 1456395                    /lib/x86_64-linux-gnu/librt-2.17.so
7f2f8a1f6000-7f2f8a1f7000 r--p 00006000 08:04 1456395                    /lib/x86_64-linux-gnu/librt-2.17.so
7f2f8a1f7000-7f2f8a1f8000 rw-p 00007000 08:04 1456395                    /lib/x86_64-linux-gnu/librt-2.17.so
7f2f8a1f8000-7f2f8a2fb000 r-xp 00000000 08:04 1456323                    /lib/x86_64-linux-gnu/libm-2.17.so
7f2f8a2fb000-7f2f8a4fa000 ---p 00103000 08:04 1456323                    /lib/x86_64-linux-gnu/libm-2.17.so
7f2f8a4fa000-7f2f8a4fb000 r--p 00102000 08:04 1456323                    /lib/x86_64-linux-gnu/libm-2.17.so
7f2f8a4fb000-7f2f8a4fc000 rw-p 00103000 08:04 1456323                    /lib/x86_64-linux-gnu/libm-2.17.so
7f2f8a4fc000-7f2f8b05e000 r-xp 00000000 08:04 1547040                    /opt/jdk1.7.0_45/jre/lib/amd64/server/libjvm.so
7f2f8b05e000-7f2f8b25e000 ---p 00b62000 08:04 1547040                    /opt/jdk1.7.0_45/jre/lib/amd64/server/libjvm.so
7f2f8b25e000-7f2f8b321000 rw-p 00b62000 08:04 1547040                    /opt/jdk1.7.0_45/jre/lib/amd64/server/libjvm.so
7f2f8b321000-7f2f8b362000 rw-p 00000000 00:00 0 
7f2f8b362000-7f2f8b51f000 r-xp 00000000 08:04 1456272                    /lib/x86_64-linux-gnu/libc-2.17.so
7f2f8b51f000-7f2f8b71f000 ---p 001bd000 08:04 1456272                    /lib/x86_64-linux-gnu/libc-2.17.so
7f2f8b71f000-7f2f8b723000 r--p 001bd000 08:04 1456272                    /lib/x86_64-linux-gnu/libc-2.17.so
7f2f8b723000-7f2f8b725000 rw-p 001c1000 08:04 1456272                    /lib/x86_64-linux-gnu/libc-2.17.so
7f2f8b725000-7f2f8b72a000 rw-p 00000000 00:00 0 
7f2f8b72a000-7f2f8b72d000 r-xp 00000000 08:04 1456287                    /lib/x86_64-linux-gnu/libdl-2.17.so
7f2f8b72d000-7f2f8b92c000 ---p 00003000 08:04 1456287                    /lib/x86_64-linux-gnu/libdl-2.17.so
7f2f8b92c000-7f2f8b92d000 r--p 00002000 08:04 1456287                    /lib/x86_64-linux-gnu/libdl-2.17.so
7f2f8b92d000-7f2f8b92e000 rw-p 00003000 08:04 1456287                    /lib/x86_64-linux-gnu/libdl-2.17.so
7f2f8b92e000-7f2f8b944000 r-xp 00000000 08:04 1545863                    /opt/jdk1.7.0_45/lib/amd64/jli/libjli.so
7f2f8b944000-7f2f8bb44000 ---p 00016000 08:04 1545863                    /opt/jdk1.7.0_45/lib/amd64/jli/libjli.so
7f2f8bb44000-7f2f8bb45000 rw-p 00016000 08:04 1545863                    /opt/jdk1.7.0_45/lib/amd64/jli/libjli.so
7f2f8bb45000-7f2f8bb5c000 r-xp 00000000 08:04 1456387                    /lib/x86_64-linux-gnu/libpthread-2.17.so
7f2f8bb5c000-7f2f8bd5c000 ---p 00017000 08:04 1456387                    /lib/x86_64-linux-gnu/libpthread-2.17.so
7f2f8bd5c000-7f2f8bd5d000 r--p 00017000 08:04 1456387                    /lib/x86_64-linux-gnu/libpthread-2.17.so
7f2f8bd5d000-7f2f8bd5e000 rw-p 00018000 08:04 1456387                    /lib/x86_64-linux-gnu/libpthread-2.17.so
7f2f8bd5e000-7f2f8bd62000 rw-p 00000000 00:00 0 
7f2f8bd62000-7f2f8bd85000 r-xp 00000000 08:04 1456246                    /lib/x86_64-linux-gnu/ld-2.17.so
7f2f8bd9e000-7f2f8bda8000 rw-p 00000000 00:00 0 
7f2f8bda8000-7f2f8be5e000 rw-p 00000000 00:00 0 
7f2f8be5e000-7f2f8be61000 ---p 00000000 00:00 0 
7f2f8be61000-7f2f8bf63000 rw-p 00000000 00:00 0                          [stack:8814]
7f2f8bf76000-7f2f8bf78000 rw-p 00000000 00:00 0 
7f2f8bf78000-7f2f8bf80000 rw-s 00000000 08:04 1234633                    /tmp/hsperfdata_amgak/8809
7f2f8bf80000-7f2f8bf81000 rw-p 00000000 00:00 0 
7f2f8bf81000-7f2f8bf82000 r--p 00000000 00:00 0 
7f2f8bf82000-7f2f8bf84000 rw-p 00000000 00:00 0 
7f2f8bf84000-7f2f8bf85000 r--p 00022000 08:04 1456246                    /lib/x86_64-linux-gnu/ld-2.17.so
7f2f8bf85000-7f2f8bf87000 rw-p 00023000 08:04 1456246                    /lib/x86_64-linux-gnu/ld-2.17.so
7fffc63e2000-7fffc6403000 rw-p 00000000 00:00 0                          [stack]
7fffc65aa000-7fffc65ac000 r-xp 00000000 00:00 0                          [vdso]
ffffffffff600000-ffffffffff601000 r-xp 00000000 00:00 0                  [vsyscall]

VM Arguments:
jvm_args: -Dgrails.home=/opt/grails-2.2.2 -Dbase.dir=/home/amgak/IdeaProjects/myFrontend -Dtools.jar=/opt/jdk1.7.0_45/lib/tools.jar -Dgroovy.starter.conf=/opt/grails-2.2.2/conf/groovy-starter.conf -Xmx768M -Xms768M -XX:MaxPermSize=256m -XX:PermSize=256m -Dfile.encoding=UTF-8 
java_command: org.codehaus.groovy.grails.cli.support.GrailsStarter --main org.codehaus.groovy.grails.cli.GrailsScriptRunner --conf /opt/grails-2.2.2/conf/groovy-starter.conf create-controller auth
Launcher Type: SUN_STANDARD

Environment Variables:
JAVA_HOME=/usr/lib/jvm/jdk1.7.0_45
CLASSPATH=/home/amgak/soft/idea-IU-129.1359/bin/../lib/bootstrap.jar:/home/amgak/soft/idea-IU-129.1359/bin/../lib/extensions.jar:/home/amgak/soft/idea-IU-129.1359/bin/../lib/util.jar:/home/amgak/soft/idea-IU-129.1359/bin/../lib/jdom.jar:/home/amgak/soft/idea-IU-129.1359/bin/../lib/log4j.jar:/home/amgak/soft/idea-IU-129.1359/bin/../lib/trove4j.jar:/home/amgak/soft/idea-IU-129.1359/bin/../lib/jna.jar:/usr/lib/jvm/jdk1.7.0_45/lib/tools.jar
PATH=/usr/lib/lightdm/lightdm:/usr/local/sbin:/usr/local/bin:/usr/sbin:/usr/bin:/sbin:/bin:/usr/games:/usr/local/games
LD_LIBRARY_PATH=/home/amgak/soft/idea-IU-129.1359/bin:
SHELL=/bin/bash
DISPLAY=:0

Signal Handlers:
SIGSEGV: [libjvm.so+0x9935b0], sa_mask[0]=0x7ffbfeff, sa_flags=0x10000004
SIGBUS: [libjvm.so+0x9935b0], sa_mask[0]=0x7ffbfeff, sa_flags=0x10000004
SIGFPE: [libjvm.so+0x810330], sa_mask[0]=0x7ffbfeff, sa_flags=0x10000004
SIGPIPE: [libjvm.so+0x810330], sa_mask[0]=0x7ffbfeff, sa_flags=0x10000004
SIGXFSZ: [libjvm.so+0x810330], sa_mask[0]=0x7ffbfeff, sa_flags=0x10000004
SIGILL: [libjvm.so+0x810330], sa_mask[0]=0x7ffbfeff, sa_flags=0x10000004
SIGUSR1: SIG_DFL, sa_mask[0]=0x00000000, sa_flags=0x00000000
SIGUSR2: [libjvm.so+0x811820], sa_mask[0]=0x00000004, sa_flags=0x10000004
SIGHUP: SIG_DFL, sa_mask[0]=0x00000000, sa_flags=0x00000000
SIGINT: SIG_DFL, sa_mask[0]=0x00000000, sa_flags=0x00000000
SIGTERM: SIG_DFL, sa_mask[0]=0x00000000, sa_flags=0x00000000
SIGQUIT: SIG_DFL, sa_mask[0]=0x00000000, sa_flags=0x00000000


---------------  S Y S T E M  ---------------

OS:wheezy/sid

uname:Linux 3.11.0-14-generic #21-Ubuntu SMP Tue Nov 12 17:04:55 UTC 2013 x86_64
libc:glibc 2.17 NPTL 2.17 
rlimit: STACK 8192k, CORE 0k, NPROC 30658, NOFILE 4096, AS infinity
load average:0.48 0.91 1.07

/proc/meminfo:
MemTotal:        3952228 kB
MemFree:          165828 kB
Buffers:            4180 kB
Cached:           303596 kB
SwapCached:            0 kB
Active:          3386164 kB
Inactive:         214688 kB
Active(anon):    3296356 kB
Inactive(anon):   124112 kB
Active(file):      89808 kB
Inactive(file):    90576 kB
Unevictable:           0 kB
Mlocked:               0 kB
SwapTotal:             0 kB
SwapFree:              0 kB
Dirty:              3428 kB
Writeback:             0 kB
AnonPages:       3293928 kB
Mapped:           160180 kB
Shmem:            126836 kB
Slab:              76688 kB
SReclaimable:      39252 kB
SUnreclaim:        37436 kB
KernelStack:        4896 kB
PageTables:        46060 kB
NFS_Unstable:          0 kB
Bounce:                0 kB
WritebackTmp:          0 kB
CommitLimit:     1976112 kB
Committed_AS:    7742844 kB
VmallocTotal:   34359738367 kB
VmallocUsed:      346972 kB
VmallocChunk:   34359388636 kB
HardwareCorrupted:     0 kB
AnonHugePages:         0 kB
HugePages_Total:       0
HugePages_Free:        0
HugePages_Rsvd:        0
HugePages_Surp:        0
Hugepagesize:       2048 kB
DirectMap4k:       70136 kB
DirectMap2M:     4028416 kB


CPU:total 4 (2 cores per cpu, 2 threads per core) family 6 model 42 stepping 7, cmov, cx8, fxsr, mmx, sse, sse2, sse3, ssse3, sse4.1, sse4.2, popcnt, avx, ht, tsc, tscinvbit

/proc/cpuinfo:
processor	: 0
vendor_id	: GenuineIntel
cpu family	: 6
model		: 42
model name	: Intel(R) Core(TM) i3-2310M CPU @ 2.10GHz
stepping	: 7
microcode	: 0x1b
cpu MHz		: 800.000
cache size	: 3072 KB
physical id	: 0
siblings	: 4
core id		: 0
cpu cores	: 2
apicid		: 0
initial apicid	: 0
fpu		: yes
fpu_exception	: yes
cpuid level	: 13
wp		: yes
flags		: fpu vme de pse tsc msr pae mce cx8 apic sep mtrr pge mca cmov pat pse36 clflush dts acpi mmx fxsr sse sse2 ss ht tm pbe syscall nx rdtscp lm constant_tsc arch_perfmon pebs bts rep_good nopl xtopology nonstop_tsc aperfmperf eagerfpu pni pclmulqdq dtes64 monitor ds_cpl vmx est tm2 ssse3 cx16 xtpr pdcm pcid sse4_1 sse4_2 x2apic popcnt tsc_deadline_timer xsave avx lahf_lm arat epb xsaveopt pln pts dtherm tpr_shadow vnmi flexpriority ept vpid
bogomips	: 4190.44
clflush size	: 64
cache_alignment	: 64
address sizes	: 36 bits physical, 48 bits virtual
power management:

processor	: 1
vendor_id	: GenuineIntel
cpu family	: 6
model		: 42
model name	: Intel(R) Core(TM) i3-2310M CPU @ 2.10GHz
stepping	: 7
microcode	: 0x1b
cpu MHz		: 2100.000
cache size	: 3072 KB
physical id	: 0
siblings	: 4
core id		: 1
cpu cores	: 2
apicid		: 2
initial apicid	: 2
fpu		: yes
fpu_exception	: yes
cpuid level	: 13
wp		: yes
flags		: fpu vme de pse tsc msr pae mce cx8 apic sep mtrr pge mca cmov pat pse36 clflush dts acpi mmx fxsr sse sse2 ss ht tm pbe syscall nx rdtscp lm constant_tsc arch_perfmon pebs bts rep_good nopl xtopology nonstop_tsc aperfmperf eagerfpu pni pclmulqdq dtes64 monitor ds_cpl vmx est tm2 ssse3 cx16 xtpr pdcm pcid sse4_1 sse4_2 x2apic popcnt tsc_deadline_timer xsave avx lahf_lm arat epb xsaveopt pln pts dtherm tpr_shadow vnmi flexpriority ept vpid
bogomips	: 4190.44
clflush size	: 64
cache_alignment	: 64
address sizes	: 36 bits physical, 48 bits virtual
power management:

processor	: 2
vendor_id	: GenuineIntel
cpu family	: 6
model		: 42
model name	: Intel(R) Core(TM) i3-2310M CPU @ 2.10GHz
stepping	: 7
microcode	: 0x1b
cpu MHz		: 800.000
cache size	: 3072 KB
physical id	: 0
siblings	: 4
core id		: 0
cpu cores	: 2
apicid		: 1
initial apicid	: 1
fpu		: yes
fpu_exception	: yes
cpuid level	: 13
wp		: yes
flags		: fpu vme de pse tsc msr pae mce cx8 apic sep mtrr pge mca cmov pat pse36 clflush dts acpi mmx fxsr sse sse2 ss ht tm pbe syscall nx rdtscp lm constant_tsc arch_perfmon pebs bts rep_good nopl xtopology nonstop_tsc aperfmperf eagerfpu pni pclmulqdq dtes64 monitor ds_cpl vmx est tm2 ssse3 cx16 xtpr pdcm pcid sse4_1 sse4_2 x2apic popcnt tsc_deadline_timer xsave avx lahf_lm arat epb xsaveopt pln pts dtherm tpr_shadow vnmi flexpriority ept vpid
bogomips	: 4190.44
clflush size	: 64
cache_alignment	: 64
address sizes	: 36 bits physical, 48 bits virtual
power management:

processor	: 3
vendor_id	: GenuineIntel
cpu family	: 6
model		: 42
model name	: Intel(R) Core(TM) i3-2310M CPU @ 2.10GHz
stepping	: 7
microcode	: 0x1b
cpu MHz		: 2100.000
cache size	: 3072 KB
physical id	: 0
siblings	: 4
core id		: 1
cpu cores	: 2
apicid		: 3
initial apicid	: 3
fpu		: yes
fpu_exception	: yes
cpuid level	: 13
wp		: yes
flags		: fpu vme de pse tsc msr pae mce cx8 apic sep mtrr pge mca cmov pat pse36 clflush dts acpi mmx fxsr sse sse2 ss ht tm pbe syscall nx rdtscp lm constant_tsc arch_perfmon pebs bts rep_good nopl xtopology nonstop_tsc aperfmperf eagerfpu pni pclmulqdq dtes64 monitor ds_cpl vmx est tm2 ssse3 cx16 xtpr pdcm pcid sse4_1 sse4_2 x2apic popcnt tsc_deadline_timer xsave avx lahf_lm arat epb xsaveopt pln pts dtherm tpr_shadow vnmi flexpriority ept vpid
bogomips	: 4190.44
clflush size	: 64
cache_alignment	: 64
address sizes	: 36 bits physical, 48 bits virtual
power management:



Memory: 4k page, physical 3952228k(165828k free), swap 0k(0k free)

vm_info: Java HotSpot(TM) 64-Bit Server VM (24.45-b08) for linux-amd64 JRE (1.7.0_45-b18), built on Oct  8 2013 05:44:25 by "java_re" with gcc 4.3.0 20080428 (Red Hat 4.3.0-8)

time: Sat Dec 14 00:49:31 2013
elapsed time: 0 seconds

